23:40:10 **** Clean-only build of configuration Debug for project BBB_I2C_1602_LCD ****
make clean 
rm -rf  ./Core/Src/i2c-lcd.o ./Core/Src/main.o  ./Core/Src/i2c-lcd.d ./Core/Src/main.d  BBB_I2C_1602_LCD
process_begin: CreateProcess(NULL, rm -rf ./Core/Src/i2c-lcd.o ./Core/Src/main.o ./Core/Src/i2c-lcd.d ./Core/Src/main.d BBB_I2C_1602_LCD, ...) failed.
make (e=2): Sistem belirtilen dosyayý bulamýyor.

make: [clean] Hata 2 (yoksayýldý)
' '
23:40:10 **** Build of configuration Debug for project BBB_I2C_1602_LCD ****
make all 
make: `all' için hiçbir þey yapýlmadý.
20:33:28 **** Build of configuration Debug for project BBB_I2C_1602_LCD ****
make all 
'Building file: ../Core/Src/i2c-lcd.c'
'Invoking: Cross GCC Compiler'
arm-linux-gnueabihf-gcc -I"C:\Users\Ali\Desktop\BBB_Workspace\BBB_I2C_1602_LCD\Core\Inc" -O0 -g3 -Wall -c -fmessage-length=0 -MMD -MP -MF"Core/Src/i2c-lcd.d" -MT"Core/Src/i2c-lcd.o" -o "Core/Src/i2c-lcd.o" "../Core/Src/i2c-lcd.c"
'Finished building: ../Core/Src/i2c-lcd.c'
' '
'Building file: ../Core/Src/main.c'
'Invoking: Cross GCC Compiler'
arm-linux-gnueabihf-gcc -I"C:\Users\Ali\Desktop\BBB_Workspace\BBB_I2C_1602_LCD\Core\Inc" -O0 -g3 -Wall -c -fmessage-length=0 -MMD -MP -MF"Core/Src/main.d" -MT"Core/Src/main.o" -o "Core/Src/main.o" "../Core/Src/main.c"
'Finished building: ../Core/Src/main.c'
' '
'Building target: BBB_I2C_1602_LCD'
'Invoking: Cross GCC Linker'
arm-linux-gnueabihf-gcc  -o "BBB_I2C_1602_LCD"  ./Core/Src/i2c-lcd.o ./Core/Src/main.o   
'Finished building target: BBB_I2C_1602_LCD'
' '
20:39:07 **** Incremental Build of configuration Debug for project BBB_I2C_1602_LCD ****
make all 
'Building file: ../Core/Src/main.c'
'Invoking: Cross GCC Compiler'
arm-linux-gnueabihf-gcc -I"C:\Users\Ali\Desktop\BBB_Workspace\BBB_I2C_1602_LCD\Core\Inc" -O0 -g3 -Wall -c -fmessage-length=0 -MMD -MP -MF"Core/Src/main.d" -MT"Core/Src/main.o" -o "Core/Src/main.o" "../Core/Src/main.c"
'Finished building: ../Core/Src/main.c'
' '
'Building target: BBB_I2C_1602_LCD'
'Invoking: Cross GCC Linker'
arm-linux-gnueabihf-gcc  -o "BBB_I2C_1602_LCD"  ./Core/Src/i2c-lcd.o ./Core/Src/main.o   
'Finished building target: BBB_I2C_1602_LCD'
' '
